0 info it worked if it ends with ok
1 verbose cli [ '/usr/bin/node', '/usr/bin/npm', 'start', 'compile' ]
2 info using npm@3.10.10
3 info using node@v6.12.3
4 verbose run-script [ 'prestart', 'start', 'poststart' ]
5 info lifecycle Lychee@3.1.6~prestart: Lychee@3.1.6
6 silly lifecycle Lychee@3.1.6~prestart: no script for prestart, continuing
7 info lifecycle Lychee@3.1.6~start: Lychee@3.1.6
8 verbose lifecycle Lychee@3.1.6~start: unsafe-perm in lifecycle true
9 verbose lifecycle Lychee@3.1.6~start: PATH: /usr/lib/node_modules/npm/bin/node-gyp-bin:/usr/local/src/Lychee/src/node_modules/.bin:/usr/local/src/lycheesync/venv3.5/bin:/usr/local/sbin:/usr/local/bin:/usr/sbin:/usr/bin:/sbin:/bin
10 verbose lifecycle Lychee@3.1.6~start: CWD: /usr/local/src/Lychee/src
11 silly lifecycle Lychee@3.1.6~start: Args: [ '-c', 'gulp watch "compile"' ]
12 silly lifecycle Lychee@3.1.6~start: Returned: code: 1  signal: null
13 info lifecycle Lychee@3.1.6~start: Failed to exec start script
14 verbose stack Error: Lychee@3.1.6 start: `gulp watch "compile"`
14 verbose stack Exit status 1
14 verbose stack     at EventEmitter.<anonymous> (/usr/lib/node_modules/npm/lib/utils/lifecycle.js:255:16)
14 verbose stack     at emitTwo (events.js:106:13)
14 verbose stack     at EventEmitter.emit (events.js:191:7)
14 verbose stack     at ChildProcess.<anonymous> (/usr/lib/node_modules/npm/lib/utils/spawn.js:40:14)
14 verbose stack     at emitTwo (events.js:106:13)
14 verbose stack     at ChildProcess.emit (events.js:191:7)
14 verbose stack     at maybeClose (internal/child_process.js:920:16)
14 verbose stack     at Process.ChildProcess._handle.onexit (internal/child_process.js:230:5)
15 verbose pkgid Lychee@3.1.6
16 verbose cwd /usr/local/src/Lychee/src
17 error Linux 4.9.0-3-686-pae
18 error argv "/usr/bin/node" "/usr/bin/npm" "start" "compile"
19 error node v6.12.3
20 error npm  v3.10.10
21 error code ELIFECYCLE
22 error Lychee@3.1.6 start: `gulp watch "compile"`
22 error Exit status 1
23 error Failed at the Lychee@3.1.6 start script 'gulp watch "compile"'.
23 error Make sure you have the latest version of node.js and npm installed.
23 error If you do, this is most likely a problem with the Lychee package,
23 error not with npm itself.
23 error Tell the author that this fails on your system:
23 error     gulp watch "compile"
23 error You can get information on how to open an issue for this project with:
23 error     npm bugs Lychee
23 error Or if that isn't available, you can get their info via:
23 error     npm owner ls Lychee
23 error There is likely additional logging output above.
24 verbose exit [ 1, true ]
